2024-06-01 15:08:07,478 - INFO - GPU available: True (cuda), used: True
2024-06-01 15:08:07,727 - INFO - TPU available: False, using: 0 TPU cores
2024-06-01 15:08:07,727 - INFO - IPU available: False, using: 0 IPUs
2024-06-01 15:08:07,728 - INFO - HPU available: False, using: 0 HPUs
2024-06-01 15:08:07,770 - INFO - You are using a CUDA device ('NVIDIA GeForce RTX 4060 Laptop GPU') that has Tensor Cores. To properly utilize them, you should set `torch.set_float32_matmul_precision('medium' | 'high')` which will trade-off precision for performance. For more details, read https://pytorch.org/docs/stable/generated/torch.set_float32_matmul_precision.html#torch.set_float32_matmul_precision
2024-06-01 15:08:07,772 - INFO - LOCAL_RANK: 0 - CUDA_VISIBLE_DEVICES: [0]
2024-06-01 15:10:35,512 - ERROR - module 'sklearn' has no attribute 'metrics'
Traceback (most recent call last):
  File "/mnt/c/Users/ASUS/Downloads/Coding/ai-project3/5.model.py", line 711, in <module>
    accuracy_by_class = plot_confusion_matrix(module.label_list,
  File "/mnt/c/Users/ASUS/Downloads/Coding/ai-project3/5.model.py", line 462, in plot_confusion_matrix
    sklearn.metrics.ConfusionMatrixDisplay.from_predictions(labels,
AttributeError: module 'sklearn' has no attribute 'metrics'
2024-06-01 15:12:23,953 - INFO - GPU available: True (cuda), used: True
2024-06-01 15:12:24,188 - INFO - TPU available: False, using: 0 TPU cores
2024-06-01 15:12:24,188 - INFO - IPU available: False, using: 0 IPUs
2024-06-01 15:12:24,188 - INFO - HPU available: False, using: 0 HPUs
2024-06-01 15:12:24,236 - INFO - You are using a CUDA device ('NVIDIA GeForce RTX 4060 Laptop GPU') that has Tensor Cores. To properly utilize them, you should set `torch.set_float32_matmul_precision('medium' | 'high')` which will trade-off precision for performance. For more details, read https://pytorch.org/docs/stable/generated/torch.set_float32_matmul_precision.html#torch.set_float32_matmul_precision
2024-06-01 15:12:24,237 - INFO - LOCAL_RANK: 0 - CUDA_VISIBLE_DEVICES: [0]
2024-06-01 15:55:13,675 - INFO - GPU available: True (cuda), used: True
2024-06-01 15:55:13,889 - INFO - TPU available: False, using: 0 TPU cores
2024-06-01 15:55:13,889 - INFO - IPU available: False, using: 0 IPUs
2024-06-01 15:55:13,889 - INFO - HPU available: False, using: 0 HPUs
2024-06-01 15:55:13,921 - INFO - You are using a CUDA device ('NVIDIA GeForce RTX 4060 Laptop GPU') that has Tensor Cores. To properly utilize them, you should set `torch.set_float32_matmul_precision('medium' | 'high')` which will trade-off precision for performance. For more details, read https://pytorch.org/docs/stable/generated/torch.set_float32_matmul_precision.html#torch.set_float32_matmul_precision
2024-06-01 15:55:13,922 - INFO - LOCAL_RANK: 0 - CUDA_VISIBLE_DEVICES: [0]
2024-06-01 15:57:41,125 - ERROR - 'FinetuneModule' object has no attribute 'correct_results'
Traceback (most recent call last):
  File "/mnt/c/Users/ASUS/Downloads/Coding/ai-project3/5.model.py", line 707, in <module>
    trainer.test(module)
  File "/mnt/c/Users/ASUS/Downloads/Coding/ai-project3/venv/lib/python3.10/site-packages/pytorch_lightning/trainer/trainer.py", line 754, in test
    return call._call_and_handle_interrupt(
  File "/mnt/c/Users/ASUS/Downloads/Coding/ai-project3/venv/lib/python3.10/site-packages/pytorch_lightning/trainer/call.py", line 44, in _call_and_handle_interrupt
    return trainer_fn(*args, **kwargs)
  File "/mnt/c/Users/ASUS/Downloads/Coding/ai-project3/venv/lib/python3.10/site-packages/pytorch_lightning/trainer/trainer.py", line 794, in _test_impl
    results = self._run(model, ckpt_path=ckpt_path)
  File "/mnt/c/Users/ASUS/Downloads/Coding/ai-project3/venv/lib/python3.10/site-packages/pytorch_lightning/trainer/trainer.py", line 987, in _run
    results = self._run_stage()
  File "/mnt/c/Users/ASUS/Downloads/Coding/ai-project3/venv/lib/python3.10/site-packages/pytorch_lightning/trainer/trainer.py", line 1026, in _run_stage
    return self._evaluation_loop.run()
  File "/mnt/c/Users/ASUS/Downloads/Coding/ai-project3/venv/lib/python3.10/site-packages/pytorch_lightning/loops/utilities.py", line 182, in _decorator
    return loop_run(self, *args, **kwargs)
  File "/mnt/c/Users/ASUS/Downloads/Coding/ai-project3/venv/lib/python3.10/site-packages/pytorch_lightning/loops/evaluation_loop.py", line 142, in run
    return self.on_run_end()
  File "/mnt/c/Users/ASUS/Downloads/Coding/ai-project3/venv/lib/python3.10/site-packages/pytorch_lightning/loops/evaluation_loop.py", line 268, in on_run_end
    self._on_evaluation_end()
  File "/mnt/c/Users/ASUS/Downloads/Coding/ai-project3/venv/lib/python3.10/site-packages/pytorch_lightning/loops/evaluation_loop.py", line 314, in _on_evaluation_end
    call._call_lightning_module_hook(trainer, hook_name, *args, **kwargs)
  File "/mnt/c/Users/ASUS/Downloads/Coding/ai-project3/venv/lib/python3.10/site-packages/pytorch_lightning/trainer/call.py", line 157, in _call_lightning_module_hook
    output = fn(*args, **kwargs)
  File "/mnt/c/Users/ASUS/Downloads/Coding/ai-project3/5.model.py", line 257, in on_test_end
    self.correct_results = {new_keys.get(k, k): v for k, v in self.correct_results.items()}
  File "/mnt/c/Users/ASUS/Downloads/Coding/ai-project3/venv/lib/python3.10/site-packages/torch/nn/modules/module.py", line 1688, in __getattr__
    raise AttributeError(f"'{type(self).__name__}' object has no attribute '{name}'")
AttributeError: 'FinetuneModule' object has no attribute 'correct_results'
2024-06-01 16:00:27,984 - INFO - GPU available: True (cuda), used: True
2024-06-01 16:00:28,251 - INFO - TPU available: False, using: 0 TPU cores
2024-06-01 16:00:28,251 - INFO - IPU available: False, using: 0 IPUs
2024-06-01 16:00:28,252 - INFO - HPU available: False, using: 0 HPUs
2024-06-01 16:00:28,292 - INFO - You are using a CUDA device ('NVIDIA GeForce RTX 4060 Laptop GPU') that has Tensor Cores. To properly utilize them, you should set `torch.set_float32_matmul_precision('medium' | 'high')` which will trade-off precision for performance. For more details, read https://pytorch.org/docs/stable/generated/torch.set_float32_matmul_precision.html#torch.set_float32_matmul_precision
2024-06-01 16:00:28,293 - INFO - LOCAL_RANK: 0 - CUDA_VISIBLE_DEVICES: [0]
2024-06-01 16:02:55,245 - ERROR - [Errno 2] No such file or directory: 'result/checkpoint/0/convnext-b-pretrained/version_4/architecture.txt'
Traceback (most recent call last):
  File "/usr/lib/python3.10/shutil.py", line 816, in move
    os.rename(src, real_dst)
FileNotFoundError: [Errno 2] No such file or directory: 'result/checkpoint/0/convnext-b-pretrained/architecture.txt' -> 'result/checkpoint/0/convnext-b-pretrained/version_4/architecture.txt'

During handling of the above exception, another exception occurred:

Traceback (most recent call last):
  File "/mnt/c/Users/ASUS/Downloads/Coding/ai-project3/5.model.py", line 720, in <module>
    shutil.move(f"{model_path}/architecture.txt", f"{model_path}/{new_version}/architecture.txt")
  File "/usr/lib/python3.10/shutil.py", line 836, in move
    copy_function(src, real_dst)
  File "/usr/lib/python3.10/shutil.py", line 434, in copy2
    copyfile(src, dst, follow_symlinks=follow_symlinks)
  File "/usr/lib/python3.10/shutil.py", line 256, in copyfile
    with open(dst, 'wb') as fdst:
FileNotFoundError: [Errno 2] No such file or directory: 'result/checkpoint/0/convnext-b-pretrained/version_4/architecture.txt'
2024-06-01 16:05:13,523 - INFO - GPU available: True (cuda), used: True
2024-06-01 16:05:13,781 - INFO - TPU available: False, using: 0 TPU cores
2024-06-01 16:05:13,782 - INFO - IPU available: False, using: 0 IPUs
2024-06-01 16:05:13,782 - INFO - HPU available: False, using: 0 HPUs
2024-06-01 16:05:13,818 - INFO - You are using a CUDA device ('NVIDIA GeForce RTX 4060 Laptop GPU') that has Tensor Cores. To properly utilize them, you should set `torch.set_float32_matmul_precision('medium' | 'high')` which will trade-off precision for performance. For more details, read https://pytorch.org/docs/stable/generated/torch.set_float32_matmul_precision.html#torch.set_float32_matmul_precision
2024-06-01 16:05:13,819 - INFO - LOCAL_RANK: 0 - CUDA_VISIBLE_DEVICES: [0]
2024-06-01 16:12:32,662 - INFO - GPU available: True (cuda), used: True
2024-06-01 16:12:32,872 - INFO - TPU available: False, using: 0 TPU cores
2024-06-01 16:12:32,873 - INFO - IPU available: False, using: 0 IPUs
2024-06-01 16:12:32,873 - INFO - HPU available: False, using: 0 HPUs
2024-06-01 16:12:32,904 - INFO - You are using a CUDA device ('NVIDIA GeForce RTX 4060 Laptop GPU') that has Tensor Cores. To properly utilize them, you should set `torch.set_float32_matmul_precision('medium' | 'high')` which will trade-off precision for performance. For more details, read https://pytorch.org/docs/stable/generated/torch.set_float32_matmul_precision.html#torch.set_float32_matmul_precision
2024-06-01 16:12:32,905 - INFO - LOCAL_RANK: 0 - CUDA_VISIBLE_DEVICES: [0]
2024-06-01 16:17:09,796 - INFO - GPU available: True (cuda), used: True
2024-06-01 16:17:10,081 - INFO - TPU available: False, using: 0 TPU cores
2024-06-01 16:17:10,081 - INFO - IPU available: False, using: 0 IPUs
2024-06-01 16:17:10,081 - INFO - HPU available: False, using: 0 HPUs
2024-06-01 16:17:10,133 - INFO - You are using a CUDA device ('NVIDIA GeForce RTX 4060 Laptop GPU') that has Tensor Cores. To properly utilize them, you should set `torch.set_float32_matmul_precision('medium' | 'high')` which will trade-off precision for performance. For more details, read https://pytorch.org/docs/stable/generated/torch.set_float32_matmul_precision.html#torch.set_float32_matmul_precision
2024-06-01 16:17:10,134 - INFO - LOCAL_RANK: 0 - CUDA_VISIBLE_DEVICES: [0]
2024-06-01 16:21:30,862 - INFO - GPU available: True (cuda), used: True
2024-06-01 16:21:31,084 - INFO - TPU available: False, using: 0 TPU cores
2024-06-01 16:21:31,085 - INFO - IPU available: False, using: 0 IPUs
2024-06-01 16:21:31,085 - INFO - HPU available: False, using: 0 HPUs
2024-06-01 16:21:31,118 - INFO - You are using a CUDA device ('NVIDIA GeForce RTX 4060 Laptop GPU') that has Tensor Cores. To properly utilize them, you should set `torch.set_float32_matmul_precision('medium' | 'high')` which will trade-off precision for performance. For more details, read https://pytorch.org/docs/stable/generated/torch.set_float32_matmul_precision.html#torch.set_float32_matmul_precision
2024-06-01 16:21:31,118 - INFO - LOCAL_RANK: 0 - CUDA_VISIBLE_DEVICES: [0]
2024-06-01 18:30:14,290 - INFO - GPU available: True (cuda), used: True
2024-06-01 18:30:14,574 - INFO - TPU available: False, using: 0 TPU cores
2024-06-01 18:30:14,575 - INFO - IPU available: False, using: 0 IPUs
2024-06-01 18:30:14,575 - INFO - HPU available: False, using: 0 HPUs
2024-06-01 18:30:14,618 - INFO - You are using a CUDA device ('NVIDIA GeForce RTX 4060 Laptop GPU') that has Tensor Cores. To properly utilize them, you should set `torch.set_float32_matmul_precision('medium' | 'high')` which will trade-off precision for performance. For more details, read https://pytorch.org/docs/stable/generated/torch.set_float32_matmul_precision.html#torch.set_float32_matmul_precision
2024-06-01 18:30:14,621 - INFO - LOCAL_RANK: 0 - CUDA_VISIBLE_DEVICES: [0]
2024-06-01 18:40:28,009 - INFO - GPU available: True (cuda), used: True
2024-06-01 18:40:28,279 - INFO - TPU available: False, using: 0 TPU cores
2024-06-01 18:40:28,279 - INFO - IPU available: False, using: 0 IPUs
2024-06-01 18:40:28,279 - INFO - HPU available: False, using: 0 HPUs
2024-06-01 18:40:28,325 - INFO - You are using a CUDA device ('NVIDIA GeForce RTX 4060 Laptop GPU') that has Tensor Cores. To properly utilize them, you should set `torch.set_float32_matmul_precision('medium' | 'high')` which will trade-off precision for performance. For more details, read https://pytorch.org/docs/stable/generated/torch.set_float32_matmul_precision.html#torch.set_float32_matmul_precision
2024-06-01 18:40:28,327 - INFO - LOCAL_RANK: 0 - CUDA_VISIBLE_DEVICES: [0]
2024-06-01 18:44:34,318 - INFO - GPU available: True (cuda), used: True
2024-06-01 18:44:34,574 - INFO - TPU available: False, using: 0 TPU cores
2024-06-01 18:44:34,574 - INFO - IPU available: False, using: 0 IPUs
2024-06-01 18:44:34,574 - INFO - HPU available: False, using: 0 HPUs
2024-06-01 18:44:34,613 - INFO - You are using a CUDA device ('NVIDIA GeForce RTX 4060 Laptop GPU') that has Tensor Cores. To properly utilize them, you should set `torch.set_float32_matmul_precision('medium' | 'high')` which will trade-off precision for performance. For more details, read https://pytorch.org/docs/stable/generated/torch.set_float32_matmul_precision.html#torch.set_float32_matmul_precision
2024-06-01 18:44:34,614 - INFO - LOCAL_RANK: 0 - CUDA_VISIBLE_DEVICES: [0]
2024-06-01 18:49:34,673 - INFO - GPU available: True (cuda), used: True
2024-06-01 18:49:34,891 - INFO - TPU available: False, using: 0 TPU cores
2024-06-01 18:49:34,891 - INFO - IPU available: False, using: 0 IPUs
2024-06-01 18:49:34,891 - INFO - HPU available: False, using: 0 HPUs
2024-06-01 18:49:34,923 - INFO - You are using a CUDA device ('NVIDIA GeForce RTX 4060 Laptop GPU') that has Tensor Cores. To properly utilize them, you should set `torch.set_float32_matmul_precision('medium' | 'high')` which will trade-off precision for performance. For more details, read https://pytorch.org/docs/stable/generated/torch.set_float32_matmul_precision.html#torch.set_float32_matmul_precision
2024-06-01 18:49:34,923 - INFO - LOCAL_RANK: 0 - CUDA_VISIBLE_DEVICES: [0]
2024-06-01 18:54:59,565 - INFO - GPU available: True (cuda), used: True
2024-06-01 18:54:59,800 - INFO - TPU available: False, using: 0 TPU cores
2024-06-01 18:54:59,801 - INFO - IPU available: False, using: 0 IPUs
2024-06-01 18:54:59,801 - INFO - HPU available: False, using: 0 HPUs
2024-06-01 18:54:59,835 - INFO - You are using a CUDA device ('NVIDIA GeForce RTX 4060 Laptop GPU') that has Tensor Cores. To properly utilize them, you should set `torch.set_float32_matmul_precision('medium' | 'high')` which will trade-off precision for performance. For more details, read https://pytorch.org/docs/stable/generated/torch.set_float32_matmul_precision.html#torch.set_float32_matmul_precision
2024-06-01 18:54:59,836 - INFO - LOCAL_RANK: 0 - CUDA_VISIBLE_DEVICES: [0]
